{"uid":"3f9a72d3708a6b20","name":"testMonoWithVoidFromNull()","fullName":"org.mindignited.continuum.internal.core.api.RpcTests.testMonoWithVoidFromNull","historyId":"534a120e05c211e17b4b5f0c92d5c38a","time":{"start":1767767012918,"stop":1767767012940,"duration":22},"description":"","status":"failed","statusMessage":"expectation \"expectComplete\" failed (expected: onComplete(); actual: onError(org.mindignited.continuum.api.exceptions.RpcMissingServiceException: (NO_HANDLERS,-1) No handlers for address srv://org.kinotic.continuum.internal.core.api.support.RpcTestService))","statusTrace":"java.lang.AssertionError: expectation \"expectComplete\" failed (expected: onComplete(); actual: onError(org.mindignited.continuum.api.exceptions.RpcMissingServiceException: (NO_HANDLERS,-1) No handlers for address srv://org.kinotic.continuum.internal.core.api.support.RpcTestService))\n\tat reactor.test.MessageFormatter.assertionError(MessageFormatter.java:115)\n\tat reactor.test.MessageFormatter.failPrefix(MessageFormatter.java:104)\n\tat reactor.test.MessageFormatter.fail(MessageFormatter.java:73)\n\tat reactor.test.MessageFormatter.failOptional(MessageFormatter.java:88)\n\tat reactor.test.DefaultStepVerifierBuilder.lambda$expectComplete$0(DefaultStepVerifierBuilder.java:347)\n\tat reactor.test.DefaultStepVerifierBuilder$SignalEvent.test(DefaultStepVerifierBuilder.java:2339)\n\tat reactor.test.DefaultStepVerifierBuilder$DefaultVerifySubscriber.onSignal(DefaultStepVerifierBuilder.java:1554)\n\tat reactor.test.DefaultStepVerifierBuilder$DefaultVerifySubscriber.onExpectation(DefaultStepVerifierBuilder.java:1501)\n\tat reactor.test.DefaultStepVerifierBuilder$DefaultVerifySubscriber.onError(DefaultStepVerifierBuilder.java:1151)\n\tat reactor.core.publisher.MonoCreate$DefaultMonoSink.error(MonoCreate.java:208)\n\tat org.mindignited.continuum.internal.core.api.service.rpc.types.MonoRpcReturnValueHandler.processError(MonoRpcReturnValueHandler.java:104)\n\tat org.mindignited.continuum.internal.core.api.service.rpc.DefaultRpcServiceProxyHandle$1.lambda$send$1(DefaultRpcServiceProxyHandle.java:235)\n\tat reactor.core.publisher.LambdaMonoSubscriber.doError(LambdaMonoSubscriber.java:160)\n\tat reactor.core.publisher.LambdaMonoSubscriber.onError(LambdaMonoSubscriber.java:155)\n\tat reactor.core.publisher.MonoIgnoreElements$IgnoreElementsSubscriber.onError(MonoIgnoreElements.java:84)\n\tat reactor.core.publisher.MonoSubscribeOn$SubscribeOnSubscriber.onError(MonoSubscribeOn.java:155)\n\tat reactor.core.publisher.MonoCreate$DefaultMonoSink.error(MonoCreate.java:208)\n\tat org.mindignited.continuum.internal.core.api.event.DefaultEventBusService.lambda$sendWithAck$12(DefaultEventBusService.java:208)\n\tat io.vertx.core.impl.future.FutureImpl.lambda$onComplete$1(FutureImpl.java:103)\n\tat io.vertx.core.impl.future.FutureBase.emitResult(FutureBase.java:68)\n\tat io.vertx.core.impl.future.FutureImpl.completeInternal(FutureImpl.java:163)\n\tat io.vertx.core.impl.future.FutureImpl.tryFail(FutureImpl.java:176)\n\tat io.vertx.core.Promise.fail(Promise.java:103)\n\tat io.vertx.core.eventbus.impl.ReplyHandler.doFail(ReplyHandler.java:64)\n\tat io.vertx.core.eventbus.impl.ReplyHandler.fail(ReplyHandler.java:58)\n\tat io.vertx.core.eventbus.impl.OutboundDeliveryContext.written(OutboundDeliveryContext.java:89)\n\tat io.vertx.core.eventbus.impl.OutboundDeliveryContext.tryFail(OutboundDeliveryContext.java:54)\n\tat io.vertx.core.eventbus.impl.EventBusImpl.sendLocally(EventBusImpl.java:365)\n\tat io.vertx.core.eventbus.impl.clustered.ClusteredEventBus.sendToNode(ClusteredEventBus.java:322)\n\tat io.vertx.core.eventbus.impl.clustered.ClusteredEventBus.lambda$sendOrPub$4(ClusteredEventBus.java:230)\n\tat io.vertx.core.Completable.succeed(Completable.java:31)\n\tat io.vertx.core.eventbus.impl.clustered.DefaultNodeSelector$Select.resolve(DefaultNodeSelector.java:89)\n\tat io.vertx.core.eventbus.impl.clustered.DefaultNodeSelector$Node.signal(DefaultNodeSelector.java:53)\n\tat io.vertx.core.eventbus.impl.clustered.DefaultNodeSelector.succeed(DefaultNodeSelector.java:147)\n\tat io.vertx.core.eventbus.impl.clustered.DefaultNodeSelector.lambda$initializeNode$0(DefaultNodeSelector.java:133)\n\tat io.vertx.core.impl.future.FutureBase.lambda$emitResult$0(FutureBase.java:59)\n\tat io.netty.util.concurrent.AbstractEventExecutor.runTask(AbstractEventExecutor.java:148)\n\tat io.netty.util.concurrent.AbstractEventExecutor.safeExecute(AbstractEventExecutor.java:141)\n\tat io.netty.util.concurrent.SingleThreadEventExecutor.runAllTasks(SingleThreadEventExecutor.java:535)\n\tat io.netty.channel.SingleThreadIoEventLoop.run(SingleThreadIoEventLoop.java:201)\n\tat io.netty.util.concurrent.SingleThreadEventExecutor$5.run(SingleThreadEventExecutor.java:1195)\n\tat io.netty.util.internal.ThreadExecutorMap$2.run(ThreadExecutorMap.java:74)\n\tat io.netty.util.concurrent.FastThreadLocalRunnable.run(FastThreadLocalRunnable.java:30)\n\tat java.base/java.lang.Thread.run(Thread.java:1583)\n\tSuppressed: org.mindignited.continuum.api.exceptions.RpcMissingServiceException: (NO_HANDLERS,-1) No handlers for address srv://org.kinotic.continuum.internal.core.api.support.RpcTestService\n\t\tat org.mindignited.continuum.internal.core.api.service.rpc.DefaultRpcServiceProxyHandle$1.lambda$send$1(DefaultRpcServiceProxyHandle.java:232)\n\t\t... 32 more\n\tCaused by: (NO_HANDLERS,-1) No handlers for address srv://org.kinotic.continuum.internal.core.api.support.RpcTestService\n","flaky":false,"newFailed":false,"newBroken":false,"newPassed":false,"retriesCount":0,"retriesStatusChange":false,"beforeStages":[],"afterStages":[],"labels":[{"name":"junit.platform.uniqueid","value":"[engine:junit-jupiter]/[class:org.mindignited.continuum.internal.core.api.RpcTests]/[method:testMonoWithVoidFromNull()]"},{"name":"host","value":"runnervmh13bl"},{"name":"thread","value":"2782@runnervmh13bl.Test worker(1)"},{"name":"framework","value":"junit-platform"},{"name":"language","value":"java"},{"name":"package","value":"org.mindignited.continuum.internal.core.api.RpcTests"},{"name":"testClass","value":"org.mindignited.continuum.internal.core.api.RpcTests"},{"name":"testMethod","value":"testMonoWithVoidFromNull"},{"name":"suite","value":"org.mindignited.continuum.internal.core.api.RpcTests"},{"name":"resultFormat","value":"allure2"}],"parameters":[],"links":[],"hidden":false,"retry":false,"extra":{"severity":"normal","retries":[],"categories":[{"name":"Product defects","matchedStatuses":[],"flaky":false}],"tags":[]},"source":"3f9a72d3708a6b20.json","parameterValues":[]}