{"uid":"19d661b31742b480","name":"testMultipleRequests()","fullName":"org.mindignited.continuum.internal.core.api.RpcTests.testMultipleRequests","historyId":"dc2fe5c7be03c6068cd22950e29a7b6c","time":{"start":1767852859233,"stop":1767852859240,"duration":7},"description":"","status":"failed","statusMessage":"expectation \"expectNext(Hello Sucka!)\" failed (expected: onNext(Hello Sucka!); actual: onError(org.mindignited.continuum.api.exceptions.RpcMissingServiceException: (NO_HANDLERS,-1) No handlers for address srv://org.kinotic.continuum.internal.core.api.support.RpcTestService))","statusTrace":"java.lang.AssertionError: expectation \"expectNext(Hello Sucka!)\" failed (expected: onNext(Hello Sucka!); actual: onError(org.mindignited.continuum.api.exceptions.RpcMissingServiceException: (NO_HANDLERS,-1) No handlers for address srv://org.kinotic.continuum.internal.core.api.support.RpcTestService))\n\tat reactor.test.MessageFormatter.assertionError(MessageFormatter.java:115)\n\tat reactor.test.MessageFormatter.failPrefix(MessageFormatter.java:104)\n\tat reactor.test.MessageFormatter.fail(MessageFormatter.java:73)\n\tat reactor.test.MessageFormatter.failOptional(MessageFormatter.java:88)\n\tat reactor.test.DefaultStepVerifierBuilder.lambda$addExpectedValue$0(DefaultStepVerifierBuilder.java:516)\n\tat reactor.test.DefaultStepVerifierBuilder$SignalEvent.test(DefaultStepVerifierBuilder.java:2339)\n\tat reactor.test.DefaultStepVerifierBuilder$DefaultVerifySubscriber.onSignal(DefaultStepVerifierBuilder.java:1554)\n\tat reactor.test.DefaultStepVerifierBuilder$DefaultVerifySubscriber.onExpectation(DefaultStepVerifierBuilder.java:1501)\n\tat reactor.test.DefaultStepVerifierBuilder$DefaultVerifySubscriber.onError(DefaultStepVerifierBuilder.java:1151)\n\tat reactor.core.publisher.MonoCompletionStage$MonoCompletionStageSubscription.apply(MonoCompletionStage.java:118)\n\tat reactor.core.publisher.MonoCompletionStage$MonoCompletionStageSubscription.apply(MonoCompletionStage.java:67)\n\tat java.base/java.util.concurrent.CompletableFuture.uniHandle(CompletableFuture.java:934)\n\tat java.base/java.util.concurrent.CompletableFuture$UniHandle.tryFire(CompletableFuture.java:911)\n\tat java.base/java.util.concurrent.CompletableFuture.postComplete(CompletableFuture.java:510)\n\tat java.base/java.util.concurrent.CompletableFuture.completeExceptionally(CompletableFuture.java:2194)\n\tat org.mindignited.continuum.internal.core.api.service.rpc.types.CompletableFutureValueHandler.processError(CompletableFutureValueHandler.java:71)\n\tat org.mindignited.continuum.internal.core.api.service.rpc.DefaultRpcServiceProxyHandle$1.lambda$send$1(DefaultRpcServiceProxyHandle.java:235)\n\tat reactor.core.publisher.LambdaMonoSubscriber.doError(LambdaMonoSubscriber.java:160)\n\tat reactor.core.publisher.LambdaMonoSubscriber.onError(LambdaMonoSubscriber.java:155)\n\tat reactor.core.publisher.MonoIgnoreElements$IgnoreElementsSubscriber.onError(MonoIgnoreElements.java:84)\n\tat reactor.core.publisher.MonoSubscribeOn$SubscribeOnSubscriber.onError(MonoSubscribeOn.java:155)\n\tat reactor.core.publisher.MonoCreate$DefaultMonoSink.error(MonoCreate.java:208)\n\tat org.mindignited.continuum.internal.core.api.event.DefaultEventBusService.lambda$sendWithAck$12(DefaultEventBusService.java:208)\n\tat io.vertx.core.impl.future.FutureImpl.lambda$onComplete$1(FutureImpl.java:103)\n\tat io.vertx.core.impl.future.FutureBase.lambda$emitResult$0(FutureBase.java:59)\n\tat io.netty.util.concurrent.AbstractEventExecutor.runTask(AbstractEventExecutor.java:148)\n\tat io.netty.util.concurrent.AbstractEventExecutor.safeExecute(AbstractEventExecutor.java:141)\n\tat io.netty.util.concurrent.SingleThreadEventExecutor.runAllTasks(SingleThreadEventExecutor.java:535)\n\tat io.netty.channel.SingleThreadIoEventLoop.run(SingleThreadIoEventLoop.java:201)\n\tat io.netty.util.concurrent.SingleThreadEventExecutor$5.run(SingleThreadEventExecutor.java:1195)\n\tat io.netty.util.internal.ThreadExecutorMap$2.run(ThreadExecutorMap.java:74)\n\tat io.netty.util.concurrent.FastThreadLocalRunnable.run(FastThreadLocalRunnable.java:30)\n\tat java.base/java.lang.Thread.run(Thread.java:1583)\n\tSuppressed: org.mindignited.continuum.api.exceptions.RpcMissingServiceException: (NO_HANDLERS,-1) No handlers for address srv://org.kinotic.continuum.internal.core.api.support.RpcTestService\n\t\tat org.mindignited.continuum.internal.core.api.service.rpc.DefaultRpcServiceProxyHandle$1.lambda$send$1(DefaultRpcServiceProxyHandle.java:232)\n\t\t... 16 more\n\tCaused by: (NO_HANDLERS,-1) No handlers for address srv://org.kinotic.continuum.internal.core.api.support.RpcTestService\n","flaky":false,"newFailed":false,"newBroken":false,"newPassed":false,"retriesCount":0,"retriesStatusChange":false,"beforeStages":[],"afterStages":[],"labels":[{"name":"junit.platform.uniqueid","value":"[engine:junit-jupiter]/[class:org.mindignited.continuum.internal.core.api.RpcTests]/[method:testMultipleRequests()]"},{"name":"host","value":"runnervmi13qx"},{"name":"thread","value":"2892@runnervmi13qx.Test worker(1)"},{"name":"framework","value":"junit-platform"},{"name":"language","value":"java"},{"name":"package","value":"org.mindignited.continuum.internal.core.api.RpcTests"},{"name":"testClass","value":"org.mindignited.continuum.internal.core.api.RpcTests"},{"name":"testMethod","value":"testMultipleRequests"},{"name":"suite","value":"org.mindignited.continuum.internal.core.api.RpcTests"},{"name":"resultFormat","value":"allure2"}],"parameters":[],"links":[],"hidden":false,"retry":false,"extra":{"severity":"normal","retries":[],"categories":[{"name":"Product defects","matchedStatuses":[],"flaky":false}],"history":{"statistic":{"failed":4,"broken":0,"skipped":0,"passed":0,"unknown":0,"total":4},"items":[{"uid":"f1009b9e45f04d1","reportUrl":"https://MindIgnited.github.io/continuum-framework/allure/289/#testresult/f1009b9e45f04d1","status":"failed","statusDetails":"expectation \"expectNext(Hello Sucka!)\" failed (expected: onNext(Hello Sucka!); actual: onError(org.mindignited.continuum.api.exceptions.RpcMissingServiceException: (NO_HANDLERS,-1) No handlers for address srv://org.kinotic.continuum.internal.core.api.support.RpcTestService))","time":{"start":1767770436047,"stop":1767770436053,"duration":6}},{"uid":"89e50b0847930929","reportUrl":"https://MindIgnited.github.io/continuum-framework/allure/288/#testresult/89e50b0847930929","status":"failed","statusDetails":"expectation \"expectNext(Hello Sucka!)\" failed (expected: onNext(Hello Sucka!); actual: onError(org.mindignited.continuum.api.exceptions.RpcMissingServiceException: (NO_HANDLERS,-1) No handlers for address srv://org.kinotic.continuum.internal.core.api.support.RpcTestService))","time":{"start":1767769860003,"stop":1767769860009,"duration":6}},{"uid":"366d32b3b935d4b1","reportUrl":"https://MindIgnited.github.io/continuum-framework/allure/287/#testresult/366d32b3b935d4b1","status":"failed","statusDetails":"expectation \"expectNext(Hello Sucka!)\" failed (expected: onNext(Hello Sucka!); actual: onError(org.mindignited.continuum.api.exceptions.RpcMissingServiceException: (NO_HANDLERS,-1) No handlers for address srv://org.kinotic.continuum.internal.core.api.support.RpcTestService))","time":{"start":1767767013416,"stop":1767767013421,"duration":5}}]},"tags":[]},"source":"19d661b31742b480.json","parameterValues":[]}