{"uid":"cb0f769f22f420dc","name":"testVertxFuture()","fullName":"org.mindignited.continuum.internal.core.api.RpcTests.testVertxFuture","historyId":"ca992a82ccc05dd040a35c6b1b115d89","time":{"start":1767852859278,"stop":1767852859384,"duration":106},"description":"","status":"broken","statusMessage":"TestServiceProxy method invocation failed","statusTrace":"java.lang.IllegalStateException: TestServiceProxy method invocation failed\n\tat org.mindignited.continuum.internal.core.api.RpcTests.testVertxFuture(RpcTests.java:419)\nCaused by: org.mindignited.continuum.api.exceptions.RpcMissingServiceException: (NO_HANDLERS,-1) No handlers for address srv://org.kinotic.continuum.internal.core.api.support.RpcTestService\n\tat org.mindignited.continuum.internal.core.api.service.rpc.DefaultRpcServiceProxyHandle$1.lambda$send$1(DefaultRpcServiceProxyHandle.java:232)\n\tat reactor.core.publisher.LambdaMonoSubscriber.doError(LambdaMonoSubscriber.java:160)\n\tat reactor.core.publisher.LambdaMonoSubscriber.onError(LambdaMonoSubscriber.java:155)\n\tat reactor.core.publisher.MonoIgnoreElements$IgnoreElementsSubscriber.onError(MonoIgnoreElements.java:84)\n\tat reactor.core.publisher.MonoSubscribeOn$SubscribeOnSubscriber.onError(MonoSubscribeOn.java:155)\n\tat reactor.core.publisher.MonoCreate$DefaultMonoSink.error(MonoCreate.java:208)\n\tat org.mindignited.continuum.internal.core.api.event.DefaultEventBusService.lambda$sendWithAck$12(DefaultEventBusService.java:208)\n\tat io.vertx.core.impl.future.FutureImpl.lambda$onComplete$1(FutureImpl.java:103)\n\tat io.vertx.core.impl.future.FutureBase.emitResult(FutureBase.java:68)\n\tat io.vertx.core.impl.future.FutureImpl.completeInternal(FutureImpl.java:163)\n\tat io.vertx.core.impl.future.FutureImpl.tryFail(FutureImpl.java:176)\n\tat io.vertx.core.Promise.fail(Promise.java:103)\n\tat io.vertx.core.eventbus.impl.ReplyHandler.doFail(ReplyHandler.java:64)\n\tat io.vertx.core.eventbus.impl.ReplyHandler.fail(ReplyHandler.java:58)\n\tat io.vertx.core.eventbus.impl.OutboundDeliveryContext.written(OutboundDeliveryContext.java:89)\n\tat io.vertx.core.eventbus.impl.OutboundDeliveryContext.tryFail(OutboundDeliveryContext.java:54)\n\tat io.vertx.core.eventbus.impl.EventBusImpl.sendLocally(EventBusImpl.java:365)\n\tat io.vertx.core.eventbus.impl.clustered.ClusteredEventBus.sendToNode(ClusteredEventBus.java:322)\n\tat io.vertx.core.eventbus.impl.clustered.ClusteredEventBus.lambda$sendOrPub$4(ClusteredEventBus.java:230)\n\tat io.vertx.core.Completable.succeed(Completable.java:31)\n\tat io.vertx.core.eventbus.impl.clustered.DefaultNodeSelector$Select.resolve(DefaultNodeSelector.java:89)\n\tat io.vertx.core.eventbus.impl.clustered.DefaultNodeSelector$Node.signal(DefaultNodeSelector.java:53)\n\tat io.vertx.core.eventbus.impl.clustered.DefaultNodeSelector.succeed(DefaultNodeSelector.java:147)\n\tat io.vertx.core.eventbus.impl.clustered.DefaultNodeSelector.lambda$initializeNode$0(DefaultNodeSelector.java:133)\n\tat io.vertx.core.impl.future.FutureBase.lambda$emitResult$0(FutureBase.java:59)\n\tat io.netty.util.concurrent.AbstractEventExecutor.runTask(AbstractEventExecutor.java:148)\n\tat io.netty.util.concurrent.AbstractEventExecutor.safeExecute(AbstractEventExecutor.java:141)\n\tat io.netty.util.concurrent.SingleThreadEventExecutor.runAllTasks(SingleThreadEventExecutor.java:535)\n\tat io.netty.channel.SingleThreadIoEventLoop.run(SingleThreadIoEventLoop.java:201)\n\tat io.netty.util.concurrent.SingleThreadEventExecutor$5.run(SingleThreadEventExecutor.java:1195)\n\tat io.netty.util.internal.ThreadExecutorMap$2.run(ThreadExecutorMap.java:74)\n\tat io.netty.util.concurrent.FastThreadLocalRunnable.run(FastThreadLocalRunnable.java:30)\n\tat java.base/java.lang.Thread.run(Thread.java:1583)\nCaused by: (NO_HANDLERS,-1) No handlers for address srv://org.kinotic.continuum.internal.core.api.support.RpcTestService\n","flaky":false,"newFailed":false,"newBroken":false,"newPassed":false,"retriesCount":0,"retriesStatusChange":false,"beforeStages":[],"afterStages":[],"labels":[{"name":"junit.platform.uniqueid","value":"[engine:junit-jupiter]/[class:org.mindignited.continuum.internal.core.api.RpcTests]/[method:testVertxFuture()]"},{"name":"host","value":"runnervmi13qx"},{"name":"thread","value":"2892@runnervmi13qx.Test worker(1)"},{"name":"framework","value":"junit-platform"},{"name":"language","value":"java"},{"name":"package","value":"org.mindignited.continuum.internal.core.api.RpcTests"},{"name":"testClass","value":"org.mindignited.continuum.internal.core.api.RpcTests"},{"name":"testMethod","value":"testVertxFuture"},{"name":"suite","value":"org.mindignited.continuum.internal.core.api.RpcTests"},{"name":"resultFormat","value":"allure2"}],"parameters":[],"links":[],"hidden":false,"retry":false,"extra":{"severity":"normal","retries":[],"categories":[{"name":"Test defects","matchedStatuses":[],"flaky":false}],"history":{"statistic":{"failed":0,"broken":4,"skipped":0,"passed":0,"unknown":0,"total":4},"items":[{"uid":"a60d68a6e68841f9","reportUrl":"https://MindIgnited.github.io/continuum-framework/allure/289/#testresult/a60d68a6e68841f9","status":"broken","statusDetails":"TestServiceProxy method invocation failed","time":{"start":1767770436085,"stop":1767770436194,"duration":109}},{"uid":"3ee341115a2fc6bf","reportUrl":"https://MindIgnited.github.io/continuum-framework/allure/288/#testresult/3ee341115a2fc6bf","status":"broken","statusDetails":"TestServiceProxy method invocation failed","time":{"start":1767769860032,"stop":1767769860136,"duration":104}},{"uid":"820bc13543b182f5","reportUrl":"https://MindIgnited.github.io/continuum-framework/allure/287/#testresult/820bc13543b182f5","status":"broken","statusDetails":"TestServiceProxy method invocation failed","time":{"start":1767767013456,"stop":1767767013561,"duration":105}}]},"tags":[]},"source":"cb0f769f22f420dc.json","parameterValues":[]}