{"uid":"4bb3bd23c670671c","name":"testUnknownFailure()","fullName":"org.mindignited.continuum.internal.core.api.RpcTests.testUnknownFailure","historyId":"da8de578de4540a9620eecc1e0931482","time":{"start":1767853404821,"stop":1767853404848,"duration":27},"description":"","status":"failed","statusMessage":"expectation \"expectErrorMatches\" failed (predicate failed on exception: org.mindignited.continuum.api.exceptions.RpcInvocationException: Everything failed Sucka!)","statusTrace":"java.lang.AssertionError: expectation \"expectErrorMatches\" failed (predicate failed on exception: org.mindignited.continuum.api.exceptions.RpcInvocationException: Everything failed Sucka!)\n\tat reactor.test.MessageFormatter.assertionError(MessageFormatter.java:115)\n\tat reactor.test.MessageFormatter.failPrefix(MessageFormatter.java:104)\n\tat reactor.test.MessageFormatter.fail(MessageFormatter.java:73)\n\tat reactor.test.MessageFormatter.failOptional(MessageFormatter.java:88)\n\tat reactor.test.DefaultStepVerifierBuilder.lambda$expectErrorMatches$0(DefaultStepVerifierBuilder.java:427)\n\tat reactor.test.DefaultStepVerifierBuilder$SignalEvent.test(DefaultStepVerifierBuilder.java:2339)\n\tat reactor.test.DefaultStepVerifierBuilder$DefaultVerifySubscriber.onSignal(DefaultStepVerifierBuilder.java:1554)\n\tat reactor.test.DefaultStepVerifierBuilder$DefaultVerifySubscriber.onExpectation(DefaultStepVerifierBuilder.java:1501)\n\tat reactor.test.DefaultStepVerifierBuilder$DefaultVerifySubscriber.onError(DefaultStepVerifierBuilder.java:1151)\n\tat reactor.core.publisher.MonoCreate$DefaultMonoSink.error(MonoCreate.java:208)\n\tat org.mindignited.continuum.internal.core.api.service.rpc.types.MonoRpcReturnValueHandler.processResponse(MonoRpcReturnValueHandler.java:71)\n\tat org.mindignited.continuum.internal.core.api.service.rpc.DefaultRpcServiceProxyHandle.lambda$new$1(DefaultRpcServiceProxyHandle.java:131)\n\tat reactor.core.publisher.LambdaSubscriber.onNext(LambdaSubscriber.java:165)\n\tat reactor.core.publisher.FluxCreate$BufferAsyncSink.drain(FluxCreate.java:890)\n\tat reactor.core.publisher.FluxCreate$BufferAsyncSink.next(FluxCreate.java:815)\n\tat reactor.core.publisher.FluxCreate$SerializedFluxSink.next(FluxCreate.java:165)\n\tat org.mindignited.continuum.internal.core.api.event.DefaultEventBusService.lambda$_listen$15(DefaultEventBusService.java:240)\n\tat io.vertx.core.impl.ExecuteBlocking$1.execute(ExecuteBlocking.java:36)\n\tat io.vertx.core.impl.WorkerTask.run(WorkerTask.java:57)\n\tat io.vertx.core.impl.TaskQueue.run(TaskQueue.java:80)\n\tat java.base/java.util.concurrent.ThreadPoolExecutor.runWorker(ThreadPoolExecutor.java:1144)\n\tat java.base/java.util.concurrent.ThreadPoolExecutor$Worker.run(ThreadPoolExecutor.java:642)\n\tat io.netty.util.concurrent.FastThreadLocalRunnable.run(FastThreadLocalRunnable.java:30)\n\tat java.base/java.lang.Thread.run(Thread.java:1583)\n\tSuppressed: org.mindignited.continuum.api.exceptions.RpcInvocationException: Everything failed Sucka!\n\t\tat org.mindignited.continuum.internal.core.api.service.json.JacksonExceptionConverter.convert(JacksonExceptionConverter.java:107)\n\t\tat org.mindignited.continuum.internal.core.api.service.ExceptionConverterComposite.convert(ExceptionConverterComposite.java:64)\n\t\t... 14 more\n","flaky":false,"newFailed":false,"newBroken":false,"newPassed":false,"retriesCount":0,"retriesStatusChange":false,"beforeStages":[],"afterStages":[],"labels":[{"name":"junit.platform.uniqueid","value":"[engine:junit-jupiter]/[class:org.mindignited.continuum.internal.core.api.RpcTests]/[method:testUnknownFailure()]"},{"name":"host","value":"runnervmh13bl"},{"name":"thread","value":"2797@runnervmh13bl.Test worker(1)"},{"name":"framework","value":"junit-platform"},{"name":"language","value":"java"},{"name":"package","value":"org.mindignited.continuum.internal.core.api.RpcTests"},{"name":"testClass","value":"org.mindignited.continuum.internal.core.api.RpcTests"},{"name":"testMethod","value":"testUnknownFailure"},{"name":"suite","value":"org.mindignited.continuum.internal.core.api.RpcTests"},{"name":"resultFormat","value":"allure2"}],"parameters":[],"links":[],"hidden":false,"retry":false,"extra":{"severity":"normal","retries":[],"categories":[{"name":"Product defects","matchedStatuses":[],"flaky":false}],"history":{"statistic":{"failed":5,"broken":0,"skipped":0,"passed":0,"unknown":0,"total":5},"items":[{"uid":"7d30dc2187536314","reportUrl":"https://MindIgnited.github.io/continuum-framework/allure/289/#testresult/7d30dc2187536314","status":"failed","statusDetails":"expectation \"expectErrorMatches\" failed (predicate failed on exception: org.mindignited.continuum.api.exceptions.RpcMissingServiceException: (NO_HANDLERS,-1) No handlers for address srv://org.kinotic.continuum.internal.core.api.support.RpcTestService)","time":{"start":1767852859262,"stop":1767852859272,"duration":10}},{"uid":"bfcdae51e032e5e3","reportUrl":"https://MindIgnited.github.io/continuum-framework/allure/289/#testresult/bfcdae51e032e5e3","status":"failed","statusDetails":"expectation \"expectErrorMatches\" failed (predicate failed on exception: org.mindignited.continuum.api.exceptions.RpcMissingServiceException: (NO_HANDLERS,-1) No handlers for address srv://org.kinotic.continuum.internal.core.api.support.RpcTestService)","time":{"start":1767770436075,"stop":1767770436080,"duration":5}},{"uid":"6d0f64309e913cfc","reportUrl":"https://MindIgnited.github.io/continuum-framework/allure/288/#testresult/6d0f64309e913cfc","status":"failed","statusDetails":"expectation \"expectErrorMatches\" failed (predicate failed on exception: org.mindignited.continuum.api.exceptions.RpcMissingServiceException: (NO_HANDLERS,-1) No handlers for address srv://org.kinotic.continuum.internal.core.api.support.RpcTestService)","time":{"start":1767769860022,"stop":1767769860029,"duration":7}},{"uid":"8c3ce734fa5dcc48","reportUrl":"https://MindIgnited.github.io/continuum-framework/allure/287/#testresult/8c3ce734fa5dcc48","status":"failed","statusDetails":"expectation \"expectErrorMatches\" failed (predicate failed on exception: org.mindignited.continuum.api.exceptions.RpcMissingServiceException: (NO_HANDLERS,-1) No handlers for address srv://org.kinotic.continuum.internal.core.api.support.RpcTestService)","time":{"start":1767767013447,"stop":1767767013453,"duration":6}}]},"tags":[]},"source":"4bb3bd23c670671c.json","parameterValues":[]}